2025-11-18 00:40:59, MOVE, v:1, k:poo@lapiseira, mode:PICK
2025-11-18 00:41:01, EXEC, v:1, k:poo@lapiseira, mode:FULL, rate:7, size:73
2025-11-18 00:44:13, MOVE, v:1, k:poo@lapiseira, mode:BACK
2025-11-18 00:44:15, MOVE, v:1, k:poo@lapiseira, mode:PICK
2025-11-18 00:44:16, EXEC, v:1, k:poo@lapiseira, mode:FULL, rate:7
2025-11-18 01:01:55, EXEC, v:1, k:poo@lapiseira, mode:FULL, rate:7
2025-11-18 01:01:58, MOVE, v:1, k:poo@lapiseira, mode:BACK
2025-11-18 01:02:03, MOVE, v:1, k:poo@lapiseira, mode:PICK
2025-11-18 01:02:05, EXEC, v:1, k:poo@lapiseira, mode:FULL, rate:7
2025-11-18 01:17:09, EXEC, v:1, k:poo@lapiseira, mode:FULL, rate:7, size:73
2025-11-18 01:21:12, MOVE, v:1, k:poo@lapiseira, mode:BACK
2025-11-18 01:21:35, MOVE, v:1, k:poo@lapiseira, mode:PICK
2025-11-18 01:21:37, EXEC, v:1, k:poo@lapiseira, mode:FULL, rate:7
2025-11-18 02:16:05, MOVE, v:1, k:poo@lapiseira, mode:PICK
2025-11-18 02:16:06, EXEC, v:1, k:poo@lapiseira, mode:FULL, rate:7
2025-11-18 05:08:26, MOVE, v:1, k:poo@lapiseira, mode:PICK
2025-11-18 05:08:27, EXEC, v:1, k:poo@lapiseira, mode:FULL, rate:7, size:73
2025-11-18 05:08:49, EXEC, v:1, k:poo@lapiseira, mode:FULL, rate:7, size:73
2025-11-18 05:09:23, EXEC, v:1, k:poo@lapiseira, mode:FULL, rate:7, size:73
2025-11-18 22:20:38, MOVE, v:1, k:poo@lapiseira, mode:PICK
2025-11-18 22:20:41, MOVE, v:1, k:poo@lapiseira, mode:BACK
2025-11-18 22:20:44, MOVE, v:1, k:poo@pula-pula, mode:DOWN
2025-11-18 22:20:45, MOVE, v:1, k:poo@pula-pula, mode:PICK
2025-11-18 22:20:46, EXEC, v:1, k:poo@pula-pula, mode:FULL, rate:0, size:0
2025-11-18 22:38:47, MOVE, v:1, k:poo@pula-pula, mode:BACK
2025-11-18 22:38:50, MOVE, v:1, k:poo@pula-pula, mode:PICK
2025-11-18 22:38:51, EXEC, v:1, k:poo@pula-pula, mode:FULL, rate:0, size:21
2025-11-18 22:38:53, MOVE, v:1, k:poo@pula-pula, mode:BACK
2025-11-18 22:39:10, MOVE, v:1, k:poo@pula-pula, mode:PICK
2025-11-18 22:39:11, EXEC, v:1, k:poo@pula-pula, mode:FULL, rate:0, size:20
2025-11-18 22:47:25, EXEC, v:1, k:poo@pula-pula, mode:FULL, rate:0, size:37
2025-11-18 22:47:26, MOVE, v:1, k:poo@pula-pula, mode:BACK
2025-11-18 22:47:32, MOVE, v:1, k:poo@pula-pula, mode:PICK
2025-11-18 22:47:33, EXEC, v:1, k:poo@pula-pula, mode:FULL, rate:0
2025-11-18 22:52:15, EXEC, v:1, k:poo@pula-pula, mode:FULL, rate:0, size:51
2025-11-18 22:52:16, EXEC, v:1, k:poo@pula-pula, mode:FULL, rate:0
2025-11-18 22:52:16, EXEC, v:1, k:poo@pula-pula, mode:FULL, rate:0
2025-11-18 22:52:16, EXEC, v:1, k:poo@pula-pula, mode:FULL, rate:0
2025-11-18 22:52:16, EXEC, v:1, k:poo@pula-pula, mode:FULL, rate:0
2025-11-18 22:52:18, EXEC, v:1, k:poo@pula-pula, mode:FULL, rate:0
2025-11-18 22:52:18, EXEC, v:1, k:poo@pula-pula, mode:FULL, rate:0
2025-11-18 22:52:19, EXEC, v:1, k:poo@pula-pula, mode:FULL, rate:0
2025-11-18 22:53:04, MOVE, v:1, k:poo@pula-pula, mode:BACK
2025-11-18 22:53:21, MOVE, v:1, k:poo@lapiseira, mode:PICK
2025-11-18 22:53:23, EXEC, v:1, k:poo@lapiseira, mode:FULL, rate:7
2025-11-18 22:55:16, EXEC, v:1, k:poo@lapiseira, mode:FULL, rate:7, size:73
2025-11-18 22:56:39, EXEC, v:1, k:poo@lapiseira, mode:FULL, rate:0, size:73
2025-11-18 22:57:00, EXEC, v:1, k:poo@lapiseira, mode:FULL, rate:7, size:73
2025-11-18 22:57:39, MOVE, v:1, k:poo@pula-pula, mode:PICK
2025-11-18 22:57:42, MOVE, v:1, k:poo@pula-pula, mode:BACK
2025-11-18 22:57:45, MOVE, v:1, k:poo@lapiseira, mode:PICK
2025-11-18 22:57:47, EXEC, v:1, k:poo@lapiseira, mode:FULL, rate:7
2025-11-18 22:57:57, EXEC, v:1, k:poo@lapiseira, mode:FULL, rate:7, size:73
2025-11-18 23:01:59, EXEC, v:1, k:poo@lapiseira, mode:FULL, rate:7, size:73
2025-11-18 23:08:22, MOVE, v:1, k:poo@lapiseira, mode:BACK
2025-11-18 23:08:26, MOVE, v:1, k:poo@lapiseira, mode:PICK
2025-11-18 23:08:28, EXEC, v:1, k:poo@lapiseira, mode:FULL, rate:7
2025-11-18 23:08:53, MOVE, v:1, k:poo@lapiseira, mode:BACK
2025-11-18 23:09:38, MOVE, v:1, k:poo@lapiseira, mode:PICK
2025-11-18 23:09:39, EXEC, v:1, k:poo@lapiseira, mode:FULL, rate:7
2025-11-18 23:17:14, EXEC, v:1, k:poo@lapiseira, mode:FULL, rate:0, size:89
2025-11-18 23:17:34, EXEC, v:1, k:poo@lapiseira, mode:FULL, rate:0, size:89
2025-11-18 23:17:42, EXEC, v:1, k:poo@lapiseira, mode:FULL, rate:0
2025-11-18 23:17:43, EXEC, v:1, k:poo@lapiseira, mode:FULL, rate:0
2025-11-18 23:17:43, EXEC, v:1, k:poo@lapiseira, mode:FULL, rate:0
2025-11-18 23:17:44, EXEC, v:1, k:poo@lapiseira, mode:FULL, rate:0
2025-11-18 23:17:44, EXEC, v:1, k:poo@lapiseira, mode:FULL, rate:0
2025-11-18 23:17:55, EXEC, v:1, k:poo@lapiseira, mode:FULL, rate:7, size:89
2025-11-18 23:22:29, EXEC, v:1, k:poo@lapiseira, mode:FULL, rate:7, size:89
2025-11-18 23:22:44, EXEC, v:1, k:poo@lapiseira, mode:FULL, rate:0, size:89
2025-11-18 23:22:55, EXEC, v:1, k:poo@lapiseira, mode:FULL, rate:7, size:89
2025-11-18 23:26:28, EXEC, v:1, k:poo@lapiseira, mode:FULL, rate:7, size:90
2025-11-18 23:31:16, MOVE, v:1, k:poo@lapiseira, mode:BACK
2025-11-18 23:31:20, MOVE, v:1, k:poo@lapiseira, mode:PICK
2025-11-18 23:31:21, EXEC, v:1, k:poo@lapiseira, mode:FULL, rate:7
2025-11-18 23:34:45, MOVE, v:1, k:poo@lapiseira, mode:BACK
2025-11-18 23:34:50, MOVE, v:1, k:poo@lapiseira, mode:PICK
2025-11-18 23:34:52, MOVE, v:1, k:poo@lapiseira, mode:BACK
2025-11-18 23:34:54, MOVE, v:1, k:poo@lapiseira, mode:PICK
2025-11-18 23:34:56, EXEC, v:1, k:poo@lapiseira, mode:FULL, rate:7
2025-11-18 23:36:30, MOVE, v:1, k:poo@lapiseira, mode:BACK
2025-11-18 23:38:32, MOVE, v:1, k:poo@lapiseira, mode:PICK
2025-11-18 23:38:33, EXEC, v:1, k:poo@lapiseira, mode:FULL, rate:7
2025-11-18 23:42:12, EXEC, v:1, k:poo@lapiseira, mode:FULL, rate:7, size:90
2025-11-18 23:48:01, EXEC, v:1, k:poo@lapiseira, mode:FULL, rate:35, size:92
2025-11-18 23:53:51, EXEC, v:1, k:poo@lapiseira, mode:FULL, rate:50, size:100
2025-11-18 23:56:32, EXEC, v:1, k:poo@lapiseira, mode:FULL, rate:57, size:103
2025-11-18 23:59:31, EXEC, v:1, k:poo@lapiseira, mode:FULL, rate:57, size:110
