2025-11-16 00:15:58, EXEC, v:1, k:poo@array, mode:LOCK, rate:0, size:70
2025-11-16 00:15:59, EXEC, v:1, k:poo@array, mode:LOCK, rate:0
2025-11-16 00:15:59, EXEC, v:1, k:poo@array, mode:LOCK, rate:0
2025-11-16 00:15:59, EXEC, v:1, k:poo@array, mode:LOCK, rate:0
2025-11-16 00:15:59, EXEC, v:1, k:poo@array, mode:LOCK, rate:0
2025-11-16 00:17:46, EXEC, v:1, k:poo@array, mode:LOCK, rate:0, size:70
2025-11-16 00:17:54, EXEC, v:1, k:poo@array, mode:LOCK, rate:0
2025-11-16 00:18:14, MOVE, v:1, k:poo@array, mode:BACK
2025-11-16 00:20:15, MOVE, v:1, k:poo@array, mode:PICK
2025-11-16 00:20:16, EXEC, v:1, k:poo@array, mode:LOCK, rate:0
2025-11-16 00:20:26, EXEC, v:1, k:poo@array, mode:LOCK, rate:0, size:70
2025-11-16 00:20:28, MOVE, v:1, k:poo@array, mode:BACK
2025-11-16 00:21:29, MOVE, v:1, k:poo@array, mode:PICK
2025-11-16 00:21:30, EXEC, v:1, k:poo@array, mode:LOCK, rate:0, size:68
2025-11-16 00:31:39, EXEC, v:1, k:poo@array, mode:LOCK, rate:0, size:73
2025-11-16 00:31:41, MOVE, v:1, k:poo@array, mode:BACK
2025-11-16 00:31:54, MOVE, v:1, k:poo@array, mode:PICK
2025-11-16 00:31:55, EXEC, v:1, k:poo@array, mode:LOCK, rate:0, size:72
2025-11-16 00:31:56, MOVE, v:1, k:poo@array, mode:BACK
2025-11-16 00:33:18, SELF, v:1, k:poo@array, alone:10, study:180
2025-11-16 00:33:50, SELF, v:1, k:poo@array, rate:100, alone:10, study:180
2025-11-16 00:36:19, SELF, v:1, k:poo@budega, rate:100
2025-11-16 00:37:05, MOVE, v:1, k:poo@array, mode:PICK
2025-11-16 00:37:06, EXEC, v:1, k:poo@array, mode:LOCK, rate:0, size:72
2025-11-16 00:37:08, MOVE, v:1, k:poo@array, mode:BACK
2025-11-16 00:37:40, MOVE, v:1, k:poo@lapiseira, mode:DOWN
2025-11-16 00:37:42, MOVE, v:1, k:poo@lapiseira, mode:PICK
2025-11-16 00:37:43, EXEC, v:1, k:poo@lapiseira, mode:FULL, rate:0, size:0
2025-11-16 00:46:40, MOVE, v:1, k:poo@lapiseira, mode:BACK
2025-11-16 00:46:46, MOVE, v:1, k:poo@lapiseira, mode:PICK
2025-11-16 00:46:47, EXEC, v:1, k:poo@lapiseira, mode:FULL, rate:0
2025-11-16 00:47:01, MOVE, v:1, k:poo@lapiseira, mode:BACK
2025-11-16 00:47:06, MOVE, v:1, k:poo@lapiseira, mode:PICK
2025-11-16 00:47:15, EXEC, v:1, k:poo@lapiseira, mode:FULL, rate:0, size:1
2025-11-16 00:47:21, MOVE, v:1, k:poo@lapiseira, mode:BACK
2025-11-16 00:47:29, MOVE, v:1, k:poo@lapiseira, mode:PICK
2025-11-16 00:47:31, EXEC, v:1, k:poo@lapiseira, mode:FULL, rate:0
2025-11-16 00:56:29, EXEC, v:1, k:poo@lapiseira, mode:FULL, rate:0, size:14
2025-11-16 00:56:31, MOVE, v:1, k:poo@lapiseira, mode:BACK
2025-11-16 00:56:36, MOVE, v:1, k:poo@lapiseira, mode:PICK
2025-11-16 00:56:38, EXEC, v:1, k:poo@lapiseira, mode:FULL, rate:0
2025-11-16 01:06:02, EXEC, v:1, k:poo@lapiseira, mode:FULL, rate:0, size:33
2025-11-16 01:06:03, MOVE, v:1, k:poo@lapiseira, mode:BACK
2025-11-16 01:06:12, MOVE, v:1, k:poo@lapiseira, mode:PICK
2025-11-16 01:06:13, EXEC, v:1, k:poo@lapiseira, mode:FULL, rate:0
2025-11-16 15:48:47, MOVE, v:1, k:poo@lapiseira, mode:PICK
2025-11-16 15:48:47, EXEC, v:1, k:poo@lapiseira, mode:FULL, rate:0
2025-11-16 15:56:33, EXEC, v:1, k:poo@lapiseira, mode:FULL, rate:0, size:35
2025-11-16 15:56:34, EXEC, v:1, k:poo@lapiseira, mode:FULL, rate:0
2025-11-16 15:56:36, MOVE, v:1, k:poo@lapiseira, mode:BACK
2025-11-16 15:56:42, MOVE, v:1, k:poo@lapiseira, mode:PICK
2025-11-16 15:56:43, EXEC, v:1, k:poo@lapiseira, mode:FULL, rate:0
2025-11-16 16:23:06, EXEC, v:1, k:poo@lapiseira, mode:FULL, rate:0, size:40
2025-11-16 16:23:07, MOVE, v:1, k:poo@lapiseira, mode:BACK
2025-11-16 16:23:13, MOVE, v:1, k:poo@lapiseira, mode:PICK
2025-11-16 16:23:20, MOVE, v:1, k:poo@lapiseira, mode:BACK
2025-11-16 16:23:23, MOVE, v:1, k:poo@lapiseira, mode:PICK
2025-11-16 16:26:04, MOVE, v:1, k:poo@lapiseira, mode:BACK
2025-11-16 16:26:40, MOVE, v:1, k:poo@lapiseira, mode:PICK
2025-11-16 16:30:38, MOVE, v:1, k:poo@lapiseira, mode:BACK
2025-11-16 16:30:44, MOVE, v:1, k:poo@lapiseira, mode:PICK
2025-11-16 16:54:35, EXEC, v:1, k:poo@lapiseira, mode:FULL, rate:0, size:53
2025-11-16 16:54:38, MOVE, v:1, k:poo@lapiseira, mode:BACK
2025-11-16 16:54:47, MOVE, v:1, k:poo@lapiseira, mode:PICK
