2025-11-19 00:02:19, EXEC, v:1, k:poo@lapiseira, mode:FULL, rate:57
2025-11-19 00:19:51, EXEC, v:1, k:poo@lapiseira, mode:FULL, rate:57, size:124
2025-11-19 00:21:16, EXEC, v:1, k:poo@lapiseira, mode:FULL, rate:71, size:124
2025-11-19 00:22:25, MOVE, v:1, k:poo@lapiseira, mode:BACK
2025-11-19 00:22:39, MOVE, v:1, k:poo@lapiseira, mode:PICK
2025-11-19 00:22:40, EXEC, v:1, k:poo@lapiseira, mode:FULL, rate:71
2025-11-19 00:28:25, EXEC, v:1, k:poo@lapiseira, mode:FULL, rate:85, size:124
2025-11-19 00:28:40, MOVE, v:1, k:poo@lapiseira, mode:BACK
2025-11-19 00:40:51, MOVE, v:1, k:poo@pula-pula, mode:PICK
2025-11-19 00:40:52, EXEC, v:1, k:poo@pula-pula, mode:FULL, rate:0, size:52
2025-11-19 00:40:55, MOVE, v:1, k:poo@pula-pula, mode:BACK
2025-11-19 00:40:58, MOVE, v:1, k:poo@pula-pula, mode:PICK
2025-11-19 00:40:58, EXEC, v:1, k:poo@pula-pula, mode:FULL, rate:0
2025-11-19 00:46:04, MOVE, v:1, k:poo@pula-pula, mode:BACK
2025-11-19 00:46:07, MOVE, v:1, k:poo@pula-pula, mode:PICK
2025-11-19 00:46:07, EXEC, v:1, k:poo@pula-pula, mode:FULL, rate:0, size:56
2025-11-19 00:46:08, EXEC, v:1, k:poo@pula-pula, mode:FULL, rate:0
2025-11-19 00:46:10, MOVE, v:1, k:poo@pula-pula, mode:BACK
2025-11-19 00:47:55, MOVE, v:1, k:poo@pula-pula, mode:PICK
2025-11-19 00:47:56, EXEC, v:1, k:poo@pula-pula, mode:FULL, rate:0
2025-11-19 00:47:56, EXEC, v:1, k:poo@pula-pula, mode:FULL, rate:0
2025-11-19 00:47:56, EXEC, v:1, k:poo@pula-pula, mode:FULL, rate:0
2025-11-19 00:47:56, EXEC, v:1, k:poo@pula-pula, mode:FULL, rate:0
2025-11-19 00:50:02, EXEC, v:1, k:poo@pula-pula, mode:FULL, rate:0, size:56
2025-11-19 00:50:02, EXEC, v:1, k:poo@pula-pula, mode:FULL, rate:0, size:56
2025-11-19 00:50:02, EXEC, v:1, k:poo@pula-pula, mode:FULL, rate:0, size:56
2025-11-19 00:50:03, EXEC, v:1, k:poo@pula-pula, mode:FULL, rate:0
2025-11-19 00:50:03, EXEC, v:1, k:poo@pula-pula, mode:FULL, rate:0
2025-11-19 00:51:31, EXEC, v:1, k:poo@pula-pula, mode:FULL, rate:0, size:56
2025-11-19 00:52:05, MOVE, v:1, k:poo@pula-pula, mode:BACK
2025-11-19 00:52:09, MOVE, v:1, k:poo@pula-pula, mode:PICK
2025-11-19 00:52:11, EXEC, v:1, k:poo@pula-pula, mode:FULL, rate:0, size:56
2025-11-19 01:18:40, EXEC, v:1, k:poo@pula-pula, mode:FULL, rate:0, size:60
2025-11-19 01:28:42, EXEC, v:1, k:poo@pula-pula, mode:FULL, rate:0, size:60
2025-11-19 01:28:43, EXEC, v:1, k:poo@pula-pula, mode:FULL, rate:0
2025-11-19 01:28:44, EXEC, v:1, k:poo@pula-pula, mode:FULL, rate:0
2025-11-19 01:28:44, EXEC, v:1, k:poo@pula-pula, mode:FULL, rate:0
2025-11-19 01:28:45, EXEC, v:1, k:poo@pula-pula, mode:FULL, rate:0
2025-11-19 01:28:45, EXEC, v:1, k:poo@pula-pula, mode:FULL, rate:0
2025-11-19 01:28:45, EXEC, v:1, k:poo@pula-pula, mode:FULL, rate:0
2025-11-19 01:29:25, EXEC, v:1, k:poo@pula-pula, mode:FULL, rate:0, size:60
2025-11-19 01:35:58, EXEC, v:1, k:poo@pula-pula, mode:FULL, rate:0, size:60
2025-11-19 02:38:34, MOVE, v:1, k:poo@pula-pula, mode:PICK
2025-11-19 02:38:35, EXEC, v:1, k:poo@pula-pula, mode:FULL, rate:0
2025-11-19 02:41:39, EXEC, v:1, k:poo@pula-pula, mode:FULL, rate:0
2025-11-19 02:43:28, MOVE, v:1, k:poo@pula-pula, mode:BACK
2025-11-19 02:43:31, MOVE, v:1, k:poo@pula-pula, mode:PICK
2025-11-19 02:43:32, EXEC, v:1, k:poo@pula-pula, mode:FULL, rate:0
2025-11-19 02:46:23, EXEC, v:1, k:poo@pula-pula, mode:FULL, rate:0, size:60
2025-11-19 02:57:50, MOVE, v:1, k:poo@pula-pula, mode:BACK
2025-11-19 02:57:53, MOVE, v:1, k:poo@pula-pula, mode:PICK
2025-11-19 02:57:55, EXEC, v:1, k:poo@pula-pula, mode:FULL, rate:0
2025-11-19 02:58:07, MOVE, v:1, k:poo@pula-pula, mode:BACK
2025-11-19 02:58:14, MOVE, v:1, k:poo@cinema, mode:DOWN
2025-11-19 02:58:17, MOVE, v:1, k:poo@cinema, mode:PICK
2025-11-19 02:58:19, EXEC, v:1, k:poo@cinema, mode:FULL, rate:0, size:0
2025-11-19 03:52:08, MOVE, v:1, k:poo@pula-pula, mode:PICK
2025-11-19 03:52:09, EXEC, v:1, k:poo@pula-pula, mode:FULL, rate:0
2025-11-19 04:00:47, EXEC, v:1, k:poo@pula-pula, mode:FULL, rate:0, size:62
2025-11-19 04:00:47, EXEC, v:1, k:poo@pula-pula, mode:FULL, rate:0, size:62
2025-11-19 04:00:48, EXEC, v:1, k:poo@pula-pula, mode:FULL, rate:0, size:62
2025-11-19 04:00:48, EXEC, v:1, k:poo@pula-pula, mode:FULL, rate:0
2025-11-19 04:00:48, EXEC, v:1, k:poo@pula-pula, mode:FULL, rate:0
2025-11-19 04:00:48, EXEC, v:1, k:poo@pula-pula, mode:FULL, rate:0
2025-11-19 04:00:48, EXEC, v:1, k:poo@pula-pula, mode:FULL, rate:0
2025-11-19 04:00:50, MOVE, v:1, k:poo@pula-pula, mode:BACK
2025-11-19 04:01:17, MOVE, v:1, k:poo@pula-pula, mode:PICK
2025-11-19 04:11:14, EXEC, v:1, k:poo@pula-pula, mode:FULL, rate:0, size:69
2025-11-19 04:11:17, MOVE, v:1, k:poo@pula-pula, mode:BACK
2025-11-19 04:11:25, MOVE, v:1, k:poo@pula-pula, mode:PICK
2025-11-19 04:11:26, EXEC, v:1, k:poo@pula-pula, mode:FULL, rate:0
